<?xml version="1.0" encoding="UTF-8"?>
<robot generator="Robot 6.0.1 (Python 3.11.0 on win32)" generated="20231215 00:51:31.386" rpa="false" schemaversion="3">
<suite id="s1" name="Suit Calculadora" source="e:\qa\Calculadora_RobotFramework\test_suit\Suit_Calculadora.robot">
<kw name="Log To Console" library="BuiltIn" type="SETUP">
<arg>\n==== INICIO DA AUTOMACAO ====</arg>
<doc>Logs the given message to the console.</doc>
<status status="PASS" starttime="20231215 00:51:32.742" endtime="20231215 00:51:32.745"/>
</kw>
<test id="s1-t1" name="Calculo com numeros inteiros" line="9">
<kw name="Dado que estou com a calculadora aberta" library="Steps_Calculadora">
<kw name="Abrir o app [no dispositivo: nexus10]" library="base" sourcename="Abrir o app [no dispositivo: ${avd}]">
<kw name="Get Current Date" library="DateTime">
<var>${data_atual}</var>
<arg>result_format=%d-%m-%Y</arg>
<doc>Returns current local or UTC time with an optional increment.</doc>
<msg timestamp="20231215 00:51:32.757" level="INFO">${data_atual} = 15-12-2023</msg>
<status status="PASS" starttime="20231215 00:51:32.756" endtime="20231215 00:51:32.773"/>
</kw>
<kw name="Set Suite Variable" library="BuiltIn">
<arg>${titulo}</arg>
<arg>${TEST NAME}</arg>
<doc>Makes a variable available everywhere within the scope of the current suite.</doc>
<msg timestamp="20231215 00:51:32.777" level="INFO">${titulo} = Calculo com numeros inteiros</msg>
<status status="PASS" starttime="20231215 00:51:32.773" endtime="20231215 00:51:32.778"/>
</kw>
<kw name="Create Directory" library="OperatingSystem">
<arg>evidencias\\${data_atual}</arg>
<doc>Creates the specified directory.</doc>
<msg timestamp="20231215 00:51:32.785" level="INFO" html="true">Directory '&lt;a href="file://E:\qa\Calculadora_RobotFramework\evidencias\15-12-2023"&gt;E:\qa\Calculadora_RobotFramework\evidencias\15-12-2023&lt;/a&gt;' already exists.</msg>
<status status="PASS" starttime="20231215 00:51:32.783" endtime="20231215 00:51:32.786"/>
</kw>
<kw name="Log To Console" library="BuiltIn">
<arg>Abrir o app Calculadora ${appPackage}</arg>
<doc>Logs the given message to the console.</doc>
<status status="PASS" starttime="20231215 00:51:32.787" endtime="20231215 00:51:32.788"/>
</kw>
<kw name="Open Application" library="AppiumLibrary">
<arg>${REMOTE_URL}</arg>
<arg>platformName=${platformName}</arg>
<arg>automationName=${automationName}</arg>
<arg>deviceName=${deviceName}</arg>
<arg>appPackage=${appPackage}</arg>
<arg>appActivity=${appActivity}</arg>
<arg>avd=${avd}</arg>
<arg>ensureWebviewsHavePages=${ensureWebviewsHavePages}</arg>
<arg>nativeWebScreenshot=${nativeWebScreenshot}</arg>
<doc>Opens a new application to given Appium server.
Capabilities of appium server, Android and iOS,
Please check https://github.com/appium/appium/blob/master/docs/en/writing-running-appium/server-args.md
| *Option*            | *Man.* | *Description*     |
| remote_url          | Yes    | Appium server url |
| alias               | no     | alias             |
| strict_ssl          | No     | allows you to send commands to an invalid certificate host like a self-signed one. |</doc>
<status status="PASS" starttime="20231215 00:51:32.789" endtime="20231215 00:51:41.867"/>
</kw>
<status status="PASS" starttime="20231215 00:51:32.754" endtime="20231215 00:51:41.868"/>
</kw>
<kw name="Wait Until Element Is Visible" library="AppiumLibrary">
<arg>${texto_resultado}</arg>
<arg>15</arg>
<doc>Waits until element specified with `locator` is visible.</doc>
<msg timestamp="20231215 00:51:43.419" level="INFO">xpath criteria: //*[@resource-id='com.google.android.calculator:id/result_preview']</msg>
<status status="PASS" starttime="20231215 00:51:41.869" endtime="20231215 00:51:43.421"/>
</kw>
<status status="PASS" starttime="20231215 00:51:32.752" endtime="20231215 00:51:43.421"/>
</kw>
<kw name="E informo um valor (12)" library="Steps_Calculadora" sourcename="E informo um valor (${var_valor1})">
<kw name="Listar Digitos" library="geral">
<var>${lista}</var>
<arg>${var_valor1}</arg>
<msg timestamp="20231215 00:51:43.425" level="INFO">${lista} = ['1', '2']</msg>
<status status="PASS" starttime="20231215 00:51:43.424" endtime="20231215 00:51:43.425"/>
</kw>
<for flavor="IN">
<var>${digito}</var>
<value>@{lista}</value>
<iter>
<var name="${digito}">1</var>
<kw name="Catenate" library="BuiltIn">
<var>${n}</var>
<arg>SEPARATOR=</arg>
<arg>\$\{</arg>
<arg>btn_</arg>
<arg>${digito}</arg>
<arg>\}</arg>
<doc>Catenates the given items together and returns the resulted string.</doc>
<msg timestamp="20231215 00:51:43.430" level="INFO">${n} = ${btn_1}</msg>
<status status="PASS" starttime="20231215 00:51:43.427" endtime="20231215 00:51:43.431"/>
</kw>
<kw name="Replace Variables" library="BuiltIn">
<var>${numero}</var>
<arg>${n}</arg>
<doc>Replaces variables in the given text with their current values.</doc>
<msg timestamp="20231215 00:51:43.433" level="INFO">${numero} = //*[@resource-id='com.google.android.calculator:id/digit_1']</msg>
<status status="PASS" starttime="20231215 00:51:43.432" endtime="20231215 00:51:43.434"/>
</kw>
<kw name="Click Element" library="AppiumLibrary">
<arg>${numero}</arg>
<doc>Click element identified by `locator`.</doc>
<msg timestamp="20231215 00:51:43.440" level="INFO">Clicking element '//*[@resource-id='com.google.android.calculator:id/digit_1']'.</msg>
<msg timestamp="20231215 00:51:44.655" level="INFO">xpath criteria: //*[@resource-id='com.google.android.calculator:id/digit_1']</msg>
<status status="PASS" starttime="20231215 00:51:43.435" endtime="20231215 00:51:44.655"/>
</kw>
<status status="PASS" starttime="20231215 00:51:43.426" endtime="20231215 00:51:44.656"/>
</iter>
<iter>
<var name="${digito}">2</var>
<kw name="Catenate" library="BuiltIn">
<var>${n}</var>
<arg>SEPARATOR=</arg>
<arg>\$\{</arg>
<arg>btn_</arg>
<arg>${digito}</arg>
<arg>\}</arg>
<doc>Catenates the given items together and returns the resulted string.</doc>
<msg timestamp="20231215 00:51:44.658" level="INFO">${n} = ${btn_2}</msg>
<status status="PASS" starttime="20231215 00:51:44.657" endtime="20231215 00:51:44.659"/>
</kw>
<kw name="Replace Variables" library="BuiltIn">
<var>${numero}</var>
<arg>${n}</arg>
<doc>Replaces variables in the given text with their current values.</doc>
<msg timestamp="20231215 00:51:44.660" level="INFO">${numero} = //*[@resource-id='com.google.android.calculator:id/digit_2']</msg>
<status status="PASS" starttime="20231215 00:51:44.659" endtime="20231215 00:51:44.661"/>
</kw>
<kw name="Click Element" library="AppiumLibrary">
<arg>${numero}</arg>
<doc>Click element identified by `locator`.</doc>
<msg timestamp="20231215 00:51:44.670" level="INFO">Clicking element '//*[@resource-id='com.google.android.calculator:id/digit_2']'.</msg>
<msg timestamp="20231215 00:51:45.843" level="INFO">xpath criteria: //*[@resource-id='com.google.android.calculator:id/digit_2']</msg>
<status status="PASS" starttime="20231215 00:51:44.663" endtime="20231215 00:51:45.845"/>
</kw>
<status status="PASS" starttime="20231215 00:51:44.657" endtime="20231215 00:51:45.846"/>
</iter>
<status status="PASS" starttime="20231215 00:51:43.426" endtime="20231215 00:51:45.846"/>
</for>
<kw name="Set Global Variable" library="BuiltIn">
<arg>${var_valor1}</arg>
<doc>Makes a variable available globally in all tests and suites.</doc>
<msg timestamp="20231215 00:51:45.851" level="INFO">${var_valor1} = 12</msg>
<status status="PASS" starttime="20231215 00:51:45.849" endtime="20231215 00:51:45.851"/>
</kw>
<status status="PASS" starttime="20231215 00:51:43.423" endtime="20231215 00:51:45.852"/>
</kw>
<kw name="E escolho uma operacao (*)" library="Steps_Calculadora" sourcename="E escolho uma operacao (${oper})">
<kw name="Catenate" library="BuiltIn">
<var>${s}</var>
<arg>SEPARATOR=</arg>
<arg>\$\{</arg>
<arg>btn_</arg>
<arg>${oper}</arg>
<arg>\}</arg>
<doc>Catenates the given items together and returns the resulted string.</doc>
<msg timestamp="20231215 00:51:45.856" level="INFO">${s} = ${btn_*}</msg>
<status status="PASS" starttime="20231215 00:51:45.855" endtime="20231215 00:51:45.856"/>
</kw>
<kw name="Replace Variables" library="BuiltIn">
<var>${sinal}</var>
<arg>${s}</arg>
<doc>Replaces variables in the given text with their current values.</doc>
<msg timestamp="20231215 00:51:45.858" level="INFO">${sinal} = //*[@resource-id='com.google.android.calculator:id/op_mul']</msg>
<status status="PASS" starttime="20231215 00:51:45.857" endtime="20231215 00:51:45.858"/>
</kw>
<kw name="Click Element" library="AppiumLibrary">
<arg>${sinal}</arg>
<doc>Click element identified by `locator`.</doc>
<msg timestamp="20231215 00:51:45.867" level="INFO">Clicking element '//*[@resource-id='com.google.android.calculator:id/op_mul']'.</msg>
<msg timestamp="20231215 00:51:46.806" level="INFO">xpath criteria: //*[@resource-id='com.google.android.calculator:id/op_mul']</msg>
<status status="PASS" starttime="20231215 00:51:45.859" endtime="20231215 00:51:46.806"/>
</kw>
<kw name="Set Global Variable" library="BuiltIn">
<arg>${oper}</arg>
<doc>Makes a variable available globally in all tests and suites.</doc>
<msg timestamp="20231215 00:51:46.808" level="INFO">${oper} = *</msg>
<status status="PASS" starttime="20231215 00:51:46.807" endtime="20231215 00:51:46.808"/>
</kw>
<status status="PASS" starttime="20231215 00:51:45.854" endtime="20231215 00:51:46.808"/>
</kw>
<kw name="E informo um segundo valor (3)" library="Steps_Calculadora" sourcename="E informo um segundo valor (${var_valor2})">
<kw name="Listar Digitos" library="geral">
<var>${lista}</var>
<arg>${var_valor2}</arg>
<msg timestamp="20231215 00:51:46.814" level="INFO">${lista} = ['3']</msg>
<status status="PASS" starttime="20231215 00:51:46.812" endtime="20231215 00:51:46.815"/>
</kw>
<for flavor="IN">
<var>${digito}</var>
<value>@{lista}</value>
<iter>
<var name="${digito}">3</var>
<kw name="Catenate" library="BuiltIn">
<var>${n}</var>
<arg>SEPARATOR=</arg>
<arg>\$\{</arg>
<arg>btn_</arg>
<arg>${digito}</arg>
<arg>\}</arg>
<doc>Catenates the given items together and returns the resulted string.</doc>
<msg timestamp="20231215 00:51:46.817" level="INFO">${n} = ${btn_3}</msg>
<status status="PASS" starttime="20231215 00:51:46.817" endtime="20231215 00:51:46.818"/>
</kw>
<kw name="Replace Variables" library="BuiltIn">
<var>${numero}</var>
<arg>${n}</arg>
<doc>Replaces variables in the given text with their current values.</doc>
<msg timestamp="20231215 00:51:46.819" level="INFO">${numero} = //*[@resource-id='com.google.android.calculator:id/digit_3']</msg>
<status status="PASS" starttime="20231215 00:51:46.818" endtime="20231215 00:51:46.820"/>
</kw>
<kw name="Click Element" library="AppiumLibrary">
<arg>${numero}</arg>
<doc>Click element identified by `locator`.</doc>
<msg timestamp="20231215 00:51:46.823" level="INFO">Clicking element '//*[@resource-id='com.google.android.calculator:id/digit_3']'.</msg>
<msg timestamp="20231215 00:51:47.704" level="INFO">xpath criteria: //*[@resource-id='com.google.android.calculator:id/digit_3']</msg>
<status status="PASS" starttime="20231215 00:51:46.820" endtime="20231215 00:51:47.704"/>
</kw>
<status status="PASS" starttime="20231215 00:51:46.816" endtime="20231215 00:51:47.704"/>
</iter>
<status status="PASS" starttime="20231215 00:51:46.815" endtime="20231215 00:51:47.705"/>
</for>
<kw name="Set Global Variable" library="BuiltIn">
<arg>${var_valor2}</arg>
<doc>Makes a variable available globally in all tests and suites.</doc>
<msg timestamp="20231215 00:51:47.706" level="INFO">${var_valor2} = 3</msg>
<status status="PASS" starttime="20231215 00:51:47.705" endtime="20231215 00:51:47.706"/>
</kw>
<status status="PASS" starttime="20231215 00:51:46.809" endtime="20231215 00:51:47.707"/>
</kw>
<kw name="Quando aciono a opcao igual" library="Steps_Calculadora">
<kw name="Click Element" library="AppiumLibrary">
<arg>${btn_=}</arg>
<doc>Click element identified by `locator`.</doc>
<msg timestamp="20231215 00:51:47.717" level="INFO">Clicking element '//*[@resource-id='com.google.android.calculator:id/eq']'.</msg>
<msg timestamp="20231215 00:51:48.958" level="INFO">xpath criteria: //*[@resource-id='com.google.android.calculator:id/eq']</msg>
<status status="PASS" starttime="20231215 00:51:47.708" endtime="20231215 00:51:48.958"/>
</kw>
<status status="PASS" starttime="20231215 00:51:47.708" endtime="20231215 00:51:48.960"/>
</kw>
<kw name="Entao o resultado do calculo deve ser exibido" library="Steps_Calculadora">
<kw name="Exibir no console ${var_valor1}${oper}${var_valor2}">
<msg timestamp="20231215 00:51:49.024" level="FAIL">No keyword with name 'Exibir no console ${var_valor1}${oper}${var_valor2}' found.</msg>
<status status="FAIL" starttime="20231215 00:51:49.023" endtime="20231215 00:51:49.027"/>
</kw>
<kw name="Evaluate" library="BuiltIn">
<var>${rsltd_esperado}</var>
<arg>${var_valor1}${oper}${var_valor2}</arg>
<doc>Evaluates the given expression in Python and returns the result.</doc>
<status status="NOT RUN" starttime="20231215 00:51:49.032" endtime="20231215 00:51:49.035"/>
</kw>
<kw name="Convert To String" library="BuiltIn">
<var>${resultado_esperado}</var>
<arg>${rsltd_esperado}</arg>
<doc>Converts the given item to a Unicode string.</doc>
<status status="NOT RUN" starttime="20231215 00:51:49.036" endtime="20231215 00:51:49.037"/>
</kw>
<kw name="Get Text" library="AppiumLibrary">
<var>${resultado_obtido}</var>
<arg>${texto_resultado_final}</arg>
<doc>Get element text (for hybrid and mobile browser use `xpath` locator, others might cause problem)</doc>
<status status="NOT RUN" starttime="20231215 00:51:49.038" endtime="20231215 00:51:49.039"/>
</kw>
<kw name="Element Should Contain Text" library="AppiumLibrary">
<arg>${texto_resultado_final}</arg>
<arg>${resultado_esperado}</arg>
<doc>Verifies element identified by ``locator`` contains text ``expected``.</doc>
<status status="NOT RUN" starttime="20231215 00:51:49.040" endtime="20231215 00:51:49.041"/>
</kw>
<kw name="Log To Console" library="BuiltIn">
<arg>Resultado esperado: ${resultado_esperado} Resultado obtido: ${resultado_obtido}</arg>
<doc>Logs the given message to the console.</doc>
<status status="NOT RUN" starttime="20231215 00:51:49.041" endtime="20231215 00:51:49.042"/>
</kw>
<kw name="Run Keyword And Ignore Error" library="BuiltIn">
<arg>Tirar print</arg>
<doc>Runs the given keyword with the given arguments and ignores possible error.</doc>
<status status="NOT RUN" starttime="20231215 00:51:49.043" endtime="20231215 00:51:49.043"/>
</kw>
<status status="FAIL" starttime="20231215 00:51:49.002" endtime="20231215 00:51:49.044"/>
</kw>
<doc>Testes com calculos de numeros inteiros exceto divisao</doc>
<tag>inteiros</tag>
<tag>multiplicacao</tag>
<tag>soma</tag>
<tag>subttracao</tag>
<status status="FAIL" starttime="20231215 00:51:32.745" endtime="20231215 00:51:49.082">No keyword with name 'Exibir no console ${var_valor1}${oper}${var_valor2}' found.</status>
</test>
<kw name="Sair do app" library="base" type="TEARDOWN">
<kw name="Log To Console" library="BuiltIn">
<arg>\n== Sair do aplicativo ==</arg>
<doc>Logs the given message to the console.</doc>
<status status="PASS" starttime="20231215 00:51:49.104" endtime="20231215 00:51:49.106"/>
</kw>
<kw name="Close Application" library="AppiumLibrary">
<doc>Closes the current application and also close webdriver session.</doc>
<status status="PASS" starttime="20231215 00:51:49.107" endtime="20231215 00:51:50.484"/>
</kw>
<status status="PASS" starttime="20231215 00:51:49.103" endtime="20231215 00:51:50.485"/>
</kw>
<doc>Validacao de operacoes matematicas</doc>
<status status="FAIL" starttime="20231215 00:51:31.401" endtime="20231215 00:51:50.486"/>
</suite>
<statistics>
<total>
<stat pass="0" fail="1" skip="0">All Tests</stat>
</total>
<tag>
<stat pass="0" fail="1" skip="0">inteiros</stat>
<stat pass="0" fail="1" skip="0">multiplicacao</stat>
<stat pass="0" fail="1" skip="0">soma</stat>
<stat pass="0" fail="1" skip="0">subttracao</stat>
</tag>
<suite>
<stat pass="0" fail="1" skip="0" id="s1" name="Suit Calculadora">Suit Calculadora</stat>
</suite>
</statistics>
<errors>
</errors>
</robot>
